The system is: Linux - 4.4.0-17134-Microsoft - x86_64
Compiling the C compiler identification source file "CMakeCCompilerId.c" succeeded.
Compiler: /usr/bin/cc 
Build flags: 
Id flags:  

The output was:
0


Compilation of the C compiler identification source "CMakeCCompilerId.c" produced "a.out"

The C compiler identification is GNU, found in "/mnt/c/Users/qwertysun/Desktop/RayTracingDemos/build/CMakeFiles/3.10.2/CompilerIdC/a.out"

Compiling the CXX compiler identification source file "CMakeCXXCompilerId.cpp" succeeded.
Compiler: /usr/bin/c++ 
Build flags: 
Id flags:  

The output was:
0


Compilation of the CXX compiler identification source "CMakeCXXCompilerId.cpp" produced "a.out"

The CXX compiler identification is GNU, found in "/mnt/c/Users/qwertysun/Desktop/RayTracingDemos/build/CMakeFiles/3.10.2/CompilerIdCXX/a.out"

Determining if the C compiler works passed with the following output:
Change Dir: /mnt/c/Users/qwertysun/Desktop/RayTracingDemos/build/CMakeFiles/CMakeTmp

Run Build Command:"/usr/bin/make" "cmTC_dbe65/fast"
/usr/bin/make -f CMakeFiles/cmTC_dbe65.dir/build.make CMakeFiles/cmTC_dbe65.dir/build
make[1]: Entering directory '/mnt/c/Users/qwertysun/Desktop/RayTracingDemos/build/CMakeFiles/CMakeTmp'
Building C object CMakeFiles/cmTC_dbe65.dir/testCCompiler.c.o
/usr/bin/cc    -o CMakeFiles/cmTC_dbe65.dir/testCCompiler.c.o   -c /mnt/c/Users/qwertysun/Desktop/RayTracingDemos/build/CMakeFiles/CMakeTmp/testCCompiler.c
Linking C executable cmTC_dbe65
/usr/bin/cmake -E cmake_link_script CMakeFiles/cmTC_dbe65.dir/link.txt --verbose=1
/usr/bin/cc      CMakeFiles/cmTC_dbe65.dir/testCCompiler.c.o  -o cmTC_dbe65 
make[1]: Leaving directory '/mnt/c/Users/qwertysun/Desktop/RayTracingDemos/build/CMakeFiles/CMakeTmp'


Determining if the CXX compiler works passed with the following output:
Change Dir: /mnt/c/Users/qwertysun/Desktop/RayTracingDemos/build/CMakeFiles/CMakeTmp

Run Build Command:"/usr/bin/make" "cmTC_0610f/fast"
/usr/bin/make -f CMakeFiles/cmTC_0610f.dir/build.make CMakeFiles/cmTC_0610f.dir/build
make[1]: Entering directory '/mnt/c/Users/qwertysun/Desktop/RayTracingDemos/build/CMakeFiles/CMakeTmp'
Building CXX object CMakeFiles/cmTC_0610f.dir/testCXXCompiler.cxx.o
/usr/bin/c++     -o CMakeFiles/cmTC_0610f.dir/testCXXCompiler.cxx.o -c /mnt/c/Users/qwertysun/Desktop/RayTracingDemos/build/CMakeFiles/CMakeTmp/testCXXCompiler.cxx
Linking CXX executable cmTC_0610f
/usr/bin/cmake -E cmake_link_script CMakeFiles/cmTC_0610f.dir/link.txt --verbose=1
/usr/bin/c++       CMakeFiles/cmTC_0610f.dir/testCXXCompiler.cxx.o  -o cmTC_0610f 
make[1]: Leaving directory '/mnt/c/Users/qwertysun/Desktop/RayTracingDemos/build/CMakeFiles/CMakeTmp'


